info it worked if it ends with ok
verbose cli [ 'node', '/usr/local/bin/npm', 'install', 'xpress' ]
info using npm@1.0.27
info using node@v0.4.11
verbose /usr/local/bin/node node symlink
verbose config file /Users/mkuzak/.npmrc
verbose config file /usr/local/etc/npmrc
silly testEngine { name: 'async',
silly testEngine   description: 'Higher-order functions and common patterns for asynchronous code',
silly testEngine   main: './index',
silly testEngine   author: { name: 'Caolan McMahon' },
silly testEngine   version: '0.1.9',
silly testEngine   repository: 
silly testEngine    { type: 'git',
silly testEngine      url: 'git://github.com/caolan/async.git' },
silly testEngine   bugs: { url: 'http://github.com/caolan/async/issues' },
silly testEngine   licenses: 
silly testEngine    [ { type: 'MIT',
silly testEngine        url: 'http://github.com/caolan/async/raw/master/LICENSE' } ],
silly testEngine   _npmJsonOpts: 
silly testEngine    { file: '/Users/mkuzak/projects/node_modules/async/package.json',
silly testEngine      wscript: false,
silly testEngine      contributors: false,
silly testEngine      serverjs: false },
silly testEngine   _id: 'async@0.1.9',
silly testEngine   dependencies: {},
silly testEngine   devDependencies: {},
silly testEngine   engines: { node: '*' },
silly testEngine   _engineSupported: true,
silly testEngine   _npmVersion: '1.0.27',
silly testEngine   _nodeVersion: 'v0.4.11',
silly testEngine   _defaultsLoaded: true }
verbose caching /Users/mkuzak/projects/node_modules/async/package.json
verbose loadDefaults async@0.1.9
silly testEngine { name: 'mongodb',
silly testEngine   description: 'A node.js driver for MongoDB',
silly testEngine   keywords: [ 'mongodb', 'mongo', 'driver', 'db' ],
silly testEngine   version: '0.9.6-14',
silly testEngine   author: 
silly testEngine    { name: 'Christian Amor Kvalheim',
silly testEngine      email: 'christkv@gmail.com' },
silly testEngine   contributors: 
silly testEngine    [ { name: 'Aaron Heckmann' },
silly testEngine      { name: 'Christoph Pojer' },
silly testEngine      { name: 'Pau Ramon Revilla' },
silly testEngine      { name: 'Nathan White' },
silly testEngine      { name: 'Emmerman' },
silly testEngine      { name: 'Seth LaForge' },
silly testEngine      { name: 'Boris Filipov' },
silly testEngine      { name: 'Stefan Schärmeli' },
silly testEngine      { name: 'Tedde Lundgren' },
silly testEngine      { name: 'renctan' },
silly testEngine      { name: 'Sergey Ukustov' },
silly testEngine      { name: 'Ciaran Jessup' },
silly testEngine      { name: 'kuno' },
silly testEngine      { name: 'srimonti' },
silly testEngine      { name: 'Erik Abele' },
silly testEngine      { name: 'Pratik Daga' },
silly testEngine      { name: 'Slobodan Utvic' },
silly testEngine      { name: 'Kristina Chodorow' },
silly testEngine      { name: 'Yonathan Randolph' },
silly testEngine      { name: 'Brian Noguchi' },
silly testEngine      { name: 'Sam Epstein' },
silly testEngine      { name: 'James Harrison Fisher' },
silly testEngine      { name: 'Vladimir Dronnikov' },
silly testEngine      { name: 'Ben Hockey' },
silly testEngine      { name: 'Henrik Johansson' },
silly testEngine      { name: 'Simon Weare' },
silly testEngine      { name: 'Alex Gorbatchev' },
silly testEngine      { name: 'Shimon Doodkin' },
silly testEngine      { name: 'Kyle Mueller' },
silly testEngine      { name: 'Eran Hammer-Lahav' },
silly testEngine      { name: 'Marcin Ciszak' },
silly testEngine      { name: 'François de Metz' },
silly testEngine      { name: 'Vinay Pulim' },
silly testEngine      { name: 'nstielau' },
silly testEngine      { name: 'Adam Wiggins' },
silly testEngine      { name: 'entrinzikyl' },
silly testEngine      { name: 'Jeremy Selier' },
silly testEngine      { name: 'Ian Millington' },
silly testEngine      { name: 'Public Keating' },
silly testEngine      { name: 'andrewjstone' },
silly testEngine      { name: 'Christopher Stott' },
silly testEngine      { name: 'Corey Jewett' },
silly testEngine      { name: 'brettkiefer' },
silly testEngine      { name: 'Rob Holland' },
silly testEngine      { name: 'Senmiao Liu' },
silly testEngine      { name: 'heroic' },
silly testEngine      { name: 'gitfy' } ],
silly testEngine   repository: 
silly testEngine    { type: 'git',
silly testEngine      url: 'git://github.com/christkv/node-mongodb-native.git' },
silly testEngine   bugs: 
silly testEngine    { email: 'node-mongodb-native@googlegroups.com',
silly testEngine      url: 'http://github.com/christkv/node-mongodb-native/issues' },
silly testEngine   os: [ 'linux', 'darwin', 'freebsd' ],
silly testEngine   config: { native: false },
silly testEngine   main: './lib/mongodb/index',
silly testEngine   directories: { lib: './lib/mongodb' },
silly testEngine   engines: { node: '>=0.4.0' },
silly testEngine   scripts: { install: 'bash ./install.sh' },
silly testEngine   licenses: 
silly testEngine    [ { type: 'Apache License, Version 2.0',
silly testEngine        url: 'http://www.apache.org/licenses/LICENSE-2.0' } ],
silly testEngine   _npmJsonOpts: 
silly testEngine    { file: '/Users/mkuzak/projects/node_modules/mongodb/package.json',
silly testEngine      wscript: false,
silly testEngine      contributors: false,
silly testEngine      serverjs: false },
silly testEngine   _id: 'mongodb@0.9.6-14',
silly testEngine   dependencies: {},
silly testEngine   devDependencies: {},
silly testEngine   _engineSupported: true,
silly testEngine   _npmVersion: '1.0.27',
silly testEngine   _nodeVersion: 'v0.4.11',
silly testEngine   _defaultsLoaded: true }
verbose caching /Users/mkuzak/projects/node_modules/mongodb/package.json
verbose loadDefaults mongodb@0.9.6-14
silly testEngine { name: 'mongoose',
silly testEngine   description: 'Mongoose MongoDB ORM',
silly testEngine   version: '2.1.0',
silly testEngine   author: 
silly testEngine    { name: 'Guillermo Rauch',
silly testEngine      email: 'guillermo@learnboost.com' },
silly testEngine   keywords: 
silly testEngine    [ 'mongodb',
silly testEngine      'mongoose',
silly testEngine      'orm',
silly testEngine      'data',
silly testEngine      'datastore',
silly testEngine      'nosql' ],
silly testEngine   dependencies: { hooks: '0.1.9', mongodb: '0.9.6-7', colors: '0.5.0' },
silly testEngine   devDependencies: { should: '0.2.1' },
silly testEngine   directories: { lib: './lib/mongoose' },
silly testEngine   scripts: { test: 'make test' },
silly testEngine   main: './index.js',
silly testEngine   engines: { node: '>= 0.2.0' },
silly testEngine   repository: 
silly testEngine    { type: 'git',
silly testEngine      url: 'git://github.com/LearnBoost/mongoose.git' },
silly testEngine   _npmJsonOpts: 
silly testEngine    { file: '/Users/mkuzak/projects/node_modules/mongoose/package.json',
silly testEngine      wscript: false,
silly testEngine      contributors: false,
silly testEngine      serverjs: false },
silly testEngine   _id: 'mongoose@2.1.0',
silly testEngine   _engineSupported: true,
silly testEngine   _npmVersion: '1.0.27',
silly testEngine   _nodeVersion: 'v0.4.11',
silly testEngine   _defaultsLoaded: true }
verbose caching /Users/mkuzak/projects/node_modules/mongoose/package.json
verbose loadDefaults mongoose@2.1.0
silly testEngine { name: 'node-inspector',
silly testEngine   version: '0.1.10',
silly testEngine   description: 'Web Inspector based nodeJS debugger',
silly testEngine   homepage: 'http://github.com/dannycoates/node-inspector',
silly testEngine   author: 
silly testEngine    { name: 'Danny Coates',
silly testEngine      email: 'dannycoates@gmail.com' },
silly testEngine   keywords: [ 'debug', 'debugger', 'inspector', 'profiler' ],
silly testEngine   repository: 
silly testEngine    { type: 'git',
silly testEngine      url: 'git://github.com/dannycoates/node-inspector.git' },
silly testEngine   engines: { node: '>=0.3.0' },
silly testEngine   bin: { 'node-inspector': './bin/inspector.js' },
silly testEngine   dependencies: { 'socket.io': '~0.8.2', paperboy: '~0.0.2' },
silly testEngine   _npmJsonOpts: 
silly testEngine    { file: '/Users/mkuzak/projects/node_modules/node-inspector/package.json',
silly testEngine      wscript: false,
silly testEngine      contributors: false,
silly testEngine      serverjs: false },
silly testEngine   _id: 'node-inspector@0.1.10',
silly testEngine   devDependencies: {},
silly testEngine   _engineSupported: true,
silly testEngine   _npmVersion: '1.0.27',
silly testEngine   _nodeVersion: 'v0.4.11',
silly testEngine   _defaultsLoaded: true }
verbose caching /Users/mkuzak/projects/node_modules/node-inspector/package.json
verbose loadDefaults node-inspector@0.1.10
silly testEngine { name: 'nodemon',
silly testEngine   homepage: 'http://github.com/remy/nodemon',
silly testEngine   author: { name: 'Remy Sharp', url: 'http://github.com/remy' },
silly testEngine   bin: { nodemon: './nodemon.js' },
silly testEngine   repository: 
silly testEngine    { type: 'git',
silly testEngine      url: 'git://github.com/remy/nodemon.git' },
silly testEngine   description: 'Simple monitor script for use during development of a node.js app.',
silly testEngine   keywords: 
silly testEngine    [ 'monitor',
silly testEngine      'development',
silly testEngine      'restart',
silly testEngine      'autoload',
silly testEngine      'reload',
silly testEngine      'terminal' ],
silly testEngine   version: '0.5.5',
silly testEngine   preferGlobal: 'true',
silly testEngine   main: './nodemon',
silly testEngine   _npmJsonOpts: 
silly testEngine    { file: '/Users/mkuzak/projects/node_modules/nodemon/package.json',
silly testEngine      wscript: false,
silly testEngine      contributors: false,
silly testEngine      serverjs: false },
silly testEngine   _id: 'nodemon@0.5.5',
silly testEngine   dependencies: {},
silly testEngine   devDependencies: {},
silly testEngine   engines: { node: '*' },
silly testEngine   _engineSupported: true,
silly testEngine   _npmVersion: '1.0.27',
silly testEngine   _nodeVersion: 'v0.4.11',
silly testEngine   _defaultsLoaded: true }
verbose caching /Users/mkuzak/projects/node_modules/nodemon/package.json
verbose loadDefaults nodemon@0.5.5
silly testEngine { name: 'step',
silly testEngine   version: '0.0.4',
silly testEngine   description: 'A simple control-flow library for node.JS that makes parallel execution, serial execution, and error handling painless.',
silly testEngine   engine: [ 'node >=0.2.0' ],
silly testEngine   author: { name: 'Tim Caswell', email: 'tim@creationix.com' },
silly testEngine   repository: 
silly testEngine    { type: 'git',
silly testEngine      url: 'git://github.com/creationix/step.git' },
silly testEngine   main: 'lib/step',
silly testEngine   _npmJsonOpts: 
silly testEngine    { file: '/Users/mkuzak/projects/node_modules/step/package.json',
silly testEngine      wscript: false,
silly testEngine      contributors: false,
silly testEngine      serverjs: false },
silly testEngine   _id: 'step@0.0.4',
silly testEngine   dependencies: {},
silly testEngine   devDependencies: {},
silly testEngine   engines: { node: '*' },
silly testEngine   _engineSupported: true,
silly testEngine   _npmVersion: '1.0.27',
silly testEngine   _nodeVersion: 'v0.4.11',
silly testEngine   _defaultsLoaded: true }
verbose caching /Users/mkuzak/projects/node_modules/step/package.json
verbose loadDefaults step@0.0.4
verbose into /Users/mkuzak/projects [ 'xpress' ]
verbose cache add xpress
verbose cache add [ 'xpress', null ]
silly cache add: name, spec, args [ undefined, 'xpress', [ 'xpress', null ] ]
verbose parsed url { pathname: 'xpress', href: 'xpress' }
info addNamed [ 'xpress', '' ]
verbose addNamed [ null, '' ]
verbose GET xpress
verbose raw, before any munging xpress
verbose url resolving [ 'https://registry.npmjs.org/', './xpress' ]
verbose url resolved https://registry.npmjs.org/xpress
verbose url parsed { protocol: 'https:',
verbose url parsed   slashes: true,
verbose url parsed   host: 'registry.npmjs.org',
verbose url parsed   hostname: 'registry.npmjs.org',
verbose url parsed   href: 'https://registry.npmjs.org/xpress',
verbose url parsed   pathname: '/xpress' }
verbose response https://registry.npmjs.org/xpress
silly chunk {"error":"not_found","reason":"document not found"}
silly chunk 
silly get cb [ 404,
silly get cb   { server: 'CouchDB/1.1.0 (Erlang OTP/R14B03)',
silly get cb     date: 'Thu, 08 Sep 2011 09:02:58 GMT',
silly get cb     'content-type': 'application/json',
silly get cb     'content-length': '52',
silly get cb     'cache-control': 'must-revalidate' } ]
ERR! 404 'xpress' is not in the npm registry.
ERR! 404 You should bug the author to publish it.
ERR! 404 Note that you can also install from a tarball or folder.
ERR! 
ERR! System Darwin 11.0.1
ERR! command "node" "/usr/local/bin/npm" "install" "xpress"
ERR! cwd /Users/mkuzak/projects/vlpb_001
ERR! node -v v0.4.11
ERR! npm -v 1.0.27
verbose exit [ 1, true ]
